Rendering to 1024x1024 image
Loaded data for 100000 circles from snow.par
Loaded scene with 100000 circles
Loaded data for 100000 circles from snow.par
Loaded scene with 100000 circles
---------------------------------------------------------
Initializing CUDA for CudaRenderer
Found 1 CUDA devices
Device 0: Tesla K80
   SMs:        13
   Global mem: 11441 MB
   CUDA Cap:   3.7
---------------------------------------------------------

Running benchmark, 1 frames, beginning at frame 0 ...
Dumping frames to output_xxx.ppm
Copying image data from device
Wrote image file output_0000.ppm
Copying image data from device
***************** Correctness check passed **************************
Clear:    0.1318 ms
Advance:  0.0012 ms
Render:   23.8589 ms
Total:    23.9919 ms
File IO:  97.8824 ms

Overall:  0.5265 sec (note units are seconds)
