Rendering to 1024x1024 image
Loaded scene with 10000 circles
Loaded scene with 10000 circles
---------------------------------------------------------
Initializing CUDA for CudaRenderer
Found 1 CUDA devices
Device 0: Tesla K80
   SMs:        13
   Global mem: 11441 MB
   CUDA Cap:   3.7
---------------------------------------------------------

Running benchmark, 1 frames, beginning at frame 0 ...
Dumping frames to output_xxx.ppm
Copying image data from device
Wrote image file output_0000.ppm
Copying image data from device
***************** Correctness check passed **************************
Clear:    0.1250 ms
Advance:  0.0013 ms
Render:   193.8552 ms
Total:    193.9815 ms
File IO:  101.0021 ms

Overall:  7.8510 sec (note units are seconds)
