Rendering to 1024x1024 image
Loaded scene with 25 circles
Loaded scene with 25 circles
---------------------------------------------------------
Initializing CUDA for CudaRenderer
Found 1 CUDA devices
Device 0: Tesla K80
   SMs:        13
   Global mem: 11441 MB
   CUDA Cap:   3.7
---------------------------------------------------------

Running benchmark, 1 frames, beginning at frame 0 ...
Dumping frames to output_xxx.ppm
Copying image data from device
Wrote image file output_0000.ppm
Copying image data from device
***************** Correctness check passed **************************
Clear:    0.1256 ms
Advance:  0.0137 ms
Render:   1.0210 ms
Total:    1.1603 ms
File IO:  95.6895 ms

Overall:  0.1556 sec (note units are seconds)
