Rendering to 1024x1024 image
Loaded scene with 1217 circles
---------------------------------------------------------
Initializing CUDA for CudaRenderer
Found 1 CUDA devices
Device 0: Tesla K80
   SMs:        13
   Global mem: 11441 MB
   CUDA Cap:   3.7
---------------------------------------------------------
WARNING: You're not running on a fast GPU, please consider using NVIDIA GTX 480, 670 or 780.
---------------------------------------------------------

Running benchmark, 4 frames, beginning at frame 0 ...
Dumping frames to output_xxx.ppm
Copying image data from device
Wrote image file output_0000.ppm
Copying image data from device
Wrote image file output_0001.ppm
Copying image data from device
Wrote image file output_0002.ppm
Copying image data from device
Wrote image file output_0003.ppm
Clear:    0.1320 ms
Advance:  0.0011 ms
Render:   0.9837 ms
Total:    1.1168 ms
File IO:  85.7902 ms

Overall:  0.3477 sec (note units are seconds)
